<?xml version="1.0" encoding="utf-8"?><testsuites><testsuite name="" tests="3" time="0.161" timestamp="2017-12-06T21:26:07" failures="0" errors="0" skipped="0"><properties><property name="environment" value="64-bit .NET Standard [collection-per-class, parallel (8 threads)]" /><property name="test-framework" value="xUnit.net 2.3.1.3858" /><property name="config-file" value="" /></properties><testcase classname="test.SwagTests" name="BillGatesTest" time="0.0174495" /><testcase classname="test.SwagTests" name="ElonMuskTest" time="0.0001453" /><testcase classname="test.SwagTests" name="SteveJobs" time="0.0000739" /></testsuite></testsuites>